<?xml version="1.0" encoding="UTF-8"?>
<testng-results skipped="0" failed="0" ignored="0" total="1" passed="1">
  <reporter-output>
  </reporter-output>
  <suite name="internetbanking" duration-ms="21518" started-at="2022-02-26T22:35:44Z" finished-at="2022-02-26T22:36:05Z">
    <groups>
    </groups>
    <test name="Functional_Test_1" duration-ms="21518" started-at="2022-02-26T22:35:44Z" finished-at="2022-02-26T22:36:05Z">
      <class name="intenetbanking.testcases.Login_Data_Drive_TC_002">
        <test-method status="PASS" signature="setup(java.lang.String)[pri:0, instance:intenetbanking.testcases.Login_Data_Drive_TC_002@31ef45e3]" name="setup" is-config="true" duration-ms="7300" started-at="2022-02-26T22:35:44Z" finished-at="2022-02-26T22:35:51Z">
          <params>
            <param index="0">
              <value>
                <![CDATA[chrome]]>
              </value>
            </param>
          </params>
          <reporter-output>
          </reporter-output>
        </test-method> <!-- setup -->
        <test-method status="PASS" signature="loginDDT()[pri:0, instance:intenetbanking.testcases.Login_Data_Drive_TC_002@31ef45e3]" name="loginDDT" duration-ms="13190" started-at="2022-02-26T22:35:51Z" finished-at="2022-02-26T22:36:04Z">
          <reporter-output>
          </reporter-output>
        </test-method> <!-- loginDDT -->
        <test-method status="PASS" signature="teardown()[pri:0, instance:intenetbanking.testcases.Login_Data_Drive_TC_002@31ef45e3]" name="teardown" is-config="true" duration-ms="799" started-at="2022-02-26T22:36:04Z" finished-at="2022-02-26T22:36:05Z">
          <reporter-output>
          </reporter-output>
        </test-method> <!-- teardown -->
      </class> <!-- intenetbanking.testcases.Login_Data_Drive_TC_002 -->
    </test> <!-- Functional_Test_1 -->
  </suite> <!-- internetbanking -->
</testng-results>
